::1 - - [23/Feb/2016:14:04:22 +0100] "GET / HTTP/1.1" 200 78219
::1 - - [23/Feb/2016:14:04:23 +0100] "GET /style.css HTTP/1.1" 200 3041
::1 - - [23/Feb/2016:14:04:23 +0100] "GET /index.php?=PHPE9568F34-D428-11d2-A769-00AA001ACF42 HTTP/1.1" 200 2524
::1 - - [23/Feb/2016:14:04:23 +0100] "GET /index.php?=PHPE9568F35-D428-11d2-A769-00AA001ACF42 HTTP/1.1" 200 2146
::1 - - [23/Feb/2016:14:04:23 +0100] "GET /images/header.png HTTP/1.1" 200 7766
::1 - - [23/Feb/2016:14:04:23 +0100] "GET /images/background.jpg HTTP/1.1" 200 12386
::1 - - [23/Feb/2016:14:04:23 +0100] "GET /images/content.jpg HTTP/1.1" 200 11916
::1 - - [23/Feb/2016:14:04:23 +0100] "GET /images/topcontent.jpg HTTP/1.1" 200 11578
::1 - - [23/Feb/2016:14:04:23 +0100] "GET /images/banner.jpg HTTP/1.1" 200 38149
::1 - - [23/Feb/2016:14:04:23 +0100] "GET /images/menuleft.jpg HTTP/1.1" 200 11236
::1 - - [23/Feb/2016:14:04:23 +0100] "GET /images/menu.jpg HTTP/1.1" 200 11219
::1 - - [23/Feb/2016:14:04:23 +0100] "GET /images/menuright.jpg HTTP/1.1" 200 11239
::1 - - [23/Feb/2016:14:04:23 +0100] "GET /favicon.ico HTTP/1.1" 404 209
::1 - - [23/Feb/2016:14:04:45 +0100] "GET /phpmyadmin HTTP/1.1" 301 241
::1 - - [23/Feb/2016:14:04:45 +0100] "GET /phpmyadmin/ HTTP/1.1" 200 8508
::1 - - [23/Feb/2016:14:04:46 +0100] "GET /phpmyadmin/themes/pmahomme/jquery/jquery-ui-1.9.2.custom.css HTTP/1.1" 200 32739
::1 - - [23/Feb/2016:14:04:46 +0100] "GET /phpmyadmin/themes/pmahomme/img/logo_right.png HTTP/1.1" 200 4548
::1 - - [23/Feb/2016:14:04:46 +0100] "GET /phpmyadmin/themes/dot.gif HTTP/1.1" 200 43
::1 - - [23/Feb/2016:14:04:46 +0100] "GET /phpmyadmin/phpmyadmin.css.php?server=1&lang=en&collation_connection=utf8_general_ci&token=eeea1f3fed5a07181ee70045a42980e6&nocache=4368467955ltr HTTP/1.1" 200 92653
::1 - - [23/Feb/2016:14:04:46 +0100] "GET /phpmyadmin/js/messages.php?lang=en&db=&server=0&collation_connection=utf8_general_ci&token=6bf5fa769e145897fe23b170082a9af9 HTTP/1.1" 200 16679
::1 - - [23/Feb/2016:14:04:46 +0100] "GET /phpmyadmin/js/get_image.js.php?theme=pmahomme HTTP/1.1" 200 6364
::1 - - [23/Feb/2016:14:04:46 +0100] "GET /phpmyadmin/js/get_scripts.js.php?scripts[]=jquery/jquery-1.8.3.js&scripts[]=ajax.js&scripts[]=keyhandler.js&scripts[]=jquery/jquery-ui-1.9.2.custom.js&scripts[]=jquery/jquery.sprintf.js&scripts[]=jquery/jquery.cookie.js&scripts[]=jquery/jquery.mousewheel.js&scripts[]=jquery/jquery.event.drag-2.2.js&scripts[]=jquery/jquery-ui-timepicker-addon.js&scripts[]=jquery/jquery.ba-hashchange-1.3.js&scripts[]=jquery/jquery.debounce-1.0.5.js&scripts[]=jquery/jquery.menuResizer-1.0.js&scripts[]=rte.js&scripts[]=functions.js&scripts[]=navigation.js&scripts[]=indexes.js&scripts[]=common.js&scripts[]=codemirror/lib/codemirror.js&scripts[]=codemirror/mode/mysql/mysql.js HTTP/1.1" 200 578621
::1 - - [23/Feb/2016:14:04:47 +0100] "GET /phpmyadmin/themes/pmahomme/img/sprites.png HTTP/1.1" 200 61899
::1 - - [23/Feb/2016:14:04:47 +0100] "GET /phpmyadmin/favicon.ico HTTP/1.1" 200 18902
