2016-02-23 14:03:58 10268 [Note] Plugin 'FEDERATED' is disabled.
2016-02-23 14:03:58 10268 [Note] InnoDB: The InnoDB memory heap is disabled
2016-02-23 14:03:58 10268 [Note] InnoDB: Mutexes and rw_locks use Windows interlocked functions
2016-02-23 14:03:58 10268 [Note] InnoDB: Compressed tables use zlib 1.2.3
2016-02-23 14:03:58 10268 [Note] InnoDB: Not using CPU crc32 instructions
2016-02-23 14:03:58 10268 [Note] InnoDB: Initializing buffer pool, size = 128.0M
2016-02-23 14:03:58 10268 [Note] InnoDB: Completed initialization of buffer pool
2016-02-23 14:03:58 10268 [Note] InnoDB: Highest supported file format is Barracuda.
2016-02-23 14:03:58 10268 [Note] InnoDB: The log sequence numbers 1626134 and 1626134 in ibdata files do not match the log sequence number 1626646 in the ib_logfiles!
2016-02-23 14:03:58 10268 [Note] InnoDB: Database was not shutdown normally!
2016-02-23 14:03:58 10268 [Note] InnoDB: Starting crash recovery.
2016-02-23 14:03:58 10268 [Note] InnoDB: Reading tablespace information from the .ibd files...
2016-02-23 14:03:58 10268 [Note] InnoDB: Restoring possible half-written data pages 
2016-02-23 14:03:58 10268 [Note] InnoDB: from the doublewrite buffer...
2016-02-23 14:03:59 10268 [Note] InnoDB: 128 rollback segment(s) are active.
2016-02-23 14:03:59 10268 [Note] InnoDB: Waiting for purge to start
2016-02-23 14:03:59 10268 [Note] InnoDB: 5.6.13 started; log sequence number 1626646
2016-02-23 14:03:59 10268 [Warning] No existing UUID has been found, so we assume that this is the first time that this server has been started. Generating a new UUID: e7650f74-da2d-11e5-9c3c-402cf4db3f17.
2016-02-23 14:03:59 10268 [Note] Server hostname (bind-address): '*'; port: 3307
2016-02-23 14:03:59 10268 [Note] IPv6 is available.
2016-02-23 14:03:59 10268 [Note]   - '::' resolves to '::';
2016-02-23 14:03:59 10268 [Note] Server socket created on IP: '::'.
2016-02-23 14:04:03 10268 [Note] Event Scheduler: Loaded 0 events
2016-02-23 14:04:03 10268 [Note] C:\Users\s112005\Documents\Year 4\Q3\2IO80\GIT\2IO80\Webserver/mysql/bin/mysqld_usbwv8.exe: ready for connections.
Version: '5.6.13'  socket: ''  port: 3307  MySQL Community Server (GPL)
